Mon 08/02/2016 
04:44 PM
$PROBLEM MELPHALAN-OSU11055 TWO COMPARTMENT INFUSION PKPD
$INPUT ID TIME ANC DV AMT RATE MDV DVID CMT WT CRCL FFM HCT GCSF SLC7A5 BUN ANCBASE SEX WBC LNP53FOLD
$DATA ..\test_data_male.csv IGNORE=#

$SUBR ADVAN6 TOL = 5

$MODEL 
 COMP=(PKCENTR)
 COMP=(PKPERI)
 COMP=(STEM)
 COMP=(ANC,DEFOBS)
 COMP=(TRANSIT1)
 COMP=(TRANSIT2)
 COMP=(TRANSIT3)    
 COMP=(INPUT) ;CAPACITY DIRECTLY INDUCE ANC, NOT THROUGH DELAYED TRANSIT  
 COMP=(G4NDUR)

$PK
 TVCL=THETA(1)*((CRCL/91.94)**THETA(6))*((FFM/59.90)**(0.75))*((HCT/32.50)**THETA(8))
 TVV1=THETA(2)*(FFM/59.90)
 TVQ=THETA(3)*((FFM/59.90)**(0.75))
 TVV2=THETA(4)*(1+SLC7A5*THETA(7))*(FFM/59.90)
 
 CL=TVCL*EXP(ETA(1))
 V1=TVV1*EXP(ETA(2))
 Q=TVQ*EXP(ETA(3))
 V2=TVV2*EXP(ETA(1)*THETA(5))
   
 S1=V1

 K10=CL/V1
 K12=Q/V1
 K21=Q/V2
  
 BASE=THETA(10)*EXP(ETA(4))*((ANCBASE/3.5)**THETA(20))*((HCT/32.50)**THETA(26))
 SLOPE=THETA(11)*EXP(ETA(5))*(1+GCSF*THETA(21))*(1+SEX*THETA(23))*((HCT/32.50)**THETA(24))
 TVSLOPE=THETA(11)*(1+GCSF*THETA(21))*(1+SEX*THETA(23))*((HCT/32.50)**THETA(24)) 
 MTT=THETA(12)*EXP(ETA(6))*(1+GCSF*THETA(19))*((BUN/14)**THETA(22))
 POWER1EN=THETA(13)
 POWER1EX=THETA(14)
 
 K=4/MTT
 
 KE=LOG(2)/THETA(15)

 IF(LNP53FOLD.EQ.-99) THEN
  FCOV0=1
 ELSE 
  FCOV0=(LNP53FOLD/2.62)**THETA(25)
 ENDIF

 ON=1
 IF(GCSF.EQ.1) ON=0
 TVIP0=ON*THETA(16)+(1-ON)*THETA(17)
 IP0=TVIP0*EXP(ETA(7))*FCOV0*((WBC/4.90)**THETA(27))  
 IPT=THETA(18)*EXP(ETA(8))
 
 A_0(3)=KE*BASE/K
 A_0(4)=BASE
 A_0(5)=KE*BASE/K
 A_0(6)=KE*BASE/K
 A_0(7)=KE*BASE/K      
 A_0(8)=IP0 

$DES
 CP=A(1)/V1
 DRUG=SLOPE*CP
 
 ;****************KINETICS****************************
 DADT(1)=A(2)*K21-A(1)*K10-A(1)*K12
 DADT(2)=A(1)*K12-A(2)*K21
 
 ;****************DYNAMICS****************************
 QN=0
 IF(GCSF.EQ.0.AND.TIME.GT.72) QN=1
 IF(GCSF.EQ.1.AND.TIME.GT.216) QN=1
 POWER1=POWER1EN + QN*POWER1EX

 FN=(BASE/0.001)**POWER1
 IF(A(4).GT.0.001) FN=(BASE/A(4))**POWER1

 KIN=0
 IF(GCSF.EQ.0.AND.TIME.GT.72) KIN=1/IPT
 IF(GCSF.EQ.1.AND.TIME.GT.216) KIN=1/IPT

 DADT(3)=K*A(3)*(1-DRUG)*FN -K*A(3) ;STEM
 DADT(4)=K*A(7) -KE*A(4) +KIN*A(8) ;ANC 
 DADT(5)=K*A(3) -K*A(5) ;TRANSIT 1
 DADT(6)=K*A(5) -K*A(6) ;TRANSIT 2
 DADT(7)=K*A(6) -K*A(7) ;TRANSIT 3 
 DADT(8)=-KIN*A(8) ; INPUT1

 ANC_4=A(4)
 
 IF(T.EQ.0) THEN
  G4N_EXIT=0
 ENDIF

 IF(ANC_4.LT.0.5) THEN
  G4N_EXIT=T
 ENDIF
 
 DADT(9)=0
 IF(ANC_4.LT.0.5) DADT(9)=1

$ERROR 
 G4ND=A(9)

 IPRED=F
 ;IF (CMT.EQ.4) IPRED=((F)**0.2-1)/0.2 ;BOXCOX
 IRES=DV-IPRED
 
 W=THETA(9) 
 IF(W.EQ.0) W=1
 SD=SQRT(W**2)
 IWRES=IRES/SD

 QK=0
 QD=0
 IF(CMT.EQ.1) QK=1
 IF(CMT.EQ.4) QD=1

 PKY=IPRED * EXP(ERR(1))
 PDY=IPRED + SD*ERR(2)
  
 Y=QK*PKY+QD*PDY    
  
$THETA
28.9 FIX ; POPCL
19.5 FIX  ; POPV1
28.5 FIX  ; POPQ
20.9 FIX   ; POPV2
1.31 FIX ; THETA5 
0.193 FIX; THETA6
-0.130 FIX; THETA7
0.216 FIX; THETA8

0.693 FIX ; THETA9 W
5.65 FIX    ;THETA10 BASE
7.4 FIX   ;THETA11 SLOPE
95.8 FIX  ;THETA12 MTT
0.182 FIX     ;THETA13 ENDOGCSFPOWER1
0.0364 FIX ; THETA14 NEUPOGENPOWER1
7 FIX ; THETA15 KE HALFLIFE
110 FIX; THETA16 IP01
0.035 FIX; THETA17 IP02
14.7 FIX; THETA18 IPT
0.153 FIX; THETA19 FAC GCSF_MTT
0.225 FIX; THETA20 FAC2 ANC_BASE
0.405 FIX; THETA21 FAC3 GCSF_SLOPE
0.0629 FIX; THETA22 FAC4 BUN_MTT
0.208 FIX; THETA23 FAC5 SEX_SLOPE
0.653 FIX; THETA24 FAC6 HCT_SLOPE
-0.777 FIX; THETA25 FAC7 LNP53_IP0
0.584 FIX; THETA26 FAC8 HCT_BASE
0.411 FIX; THETA27 FAC9

$OMEGA
0.0792 FIX ;PPVCL
0.0740 FIX  ;PPVV1
0.297 FIX ;PPVQ
0.101 FIX  ;ETA4 BASE
0.0608 FIX  ;ETA5 SLOPE
0.00674 FIX  ;ETA6 MTT
0.159 FIX ;ETA7 IP0
0 FIX ;ETA8 IPT

$SIGMA
0.0584 FIX ; EPS1
1 FIX ; EPS2

$SIMULATION (632541) ONLYSIM SUBPROBLEMS=1

$TABLE ID TIME AMT MDV DVID CMT Y IPRED PRED
G4ND G4N_EXIT
WT CRCL FFM HCT GCSF SLC7A5 BUN ANCBASE SEX WBC LNP53FOLD
TVSLOPE
NOPRINT ONEHEADER FILE=pkpd_final_sim_points_duration.fit 
  
NM-TRAN MESSAGES 
  
 WARNINGS AND ERRORS (IF ANY) FOR PROBLEM    1
             
 (WARNING  2) NM-TRAN INFERS THAT THE DATA ARE POPULATION.
             
 (WARNING  48) DES-DEFINED ITEMS ARE COMPUTED ONLY WHEN EVENT TIME
 INCREASES. E.G., DISPLAYED VALUES ASSOCIATED WITH THE FIRST EVENT RECORD
 OF AN INDIVIDUAL RECORD ARE COMPUTED WITH (THE LAST ADVANCE TO) AN EVENT
 TIME OF THE PRIOR INDIVIDUAL RECORD.
License Registered to: UniSA - HQ - Australian Centre for Pharmacometrics - Academic
Expiration Date:    14 APR 2020
Current Date:        8 FEB 2016
Days until program expires :1526
1NONLINEAR MIXED EFFECTS MODEL PROGRAM (NONMEM) VERSION 7.3.0
 ORIGINALLY DEVELOPED BY STUART BEAL, LEWIS SHEINER, AND ALISON BOECKMANN
 CURRENT DEVELOPERS ARE ROBERT BAUER, ICON DEVELOPMENT SOLUTIONS,
 AND ALISON BOECKMANN. IMPLEMENTATION, EFFICIENCY, AND STANDARDIZATION
 PERFORMED BY NOUS INFOSYSTEMS.

 PROBLEM NO.:         1
 MELPHALAN-OSU11055 TWO COMPARTMENT INFUSION PKPD
0DATA CHECKOUT RUN:              NO
 DATA SET LOCATED ON UNIT NO.:    2
 THIS UNIT TO BE REWOUND:        NO
 NO. OF DATA RECS IN DATA SET:       33
 NO. OF DATA ITEMS IN DATA SET:  21
 ID DATA ITEM IS DATA ITEM NO.:   1
 DEP VARIABLE IS DATA ITEM NO.:   4
 MDV DATA ITEM IS DATA ITEM NO.:  7
0INDICES PASSED TO SUBROUTINE PRED:
  21   2   5   6   0   0   9   0   0   0   0
0LABELS FOR DATA ITEMS:
 ID TIME ANC DV AMT RATE MDV DVID CMT WT CRCL FFM HCT GCSF SLC7A5 BUN ANCBASE SEX WBC LNP53FOLD EVID
0(NONBLANK) LABELS FOR PRED-DEFINED ITEMS:
 TVSLOPE G4N_EXIT G4ND IPRED Y
0FORMAT FOR DATA:
 (E2.0,2E4.0,E2.0,2E4.0,3E2.0,2E3.0,2E5.0,2E2.0,E3.0,E4.0,3E5.0,1F2.0)

 TOT. NO. OF OBS RECS:       32
 TOT. NO. OF INDIVIDUALS:      1
0LENGTH OF THETA:  27
0DEFAULT THETA BOUNDARY TEST OMITTED:    NO
0OMEGA HAS SIMPLE DIAGONAL FORM WITH DIMENSION:   8
0DEFAULT OMEGA BOUNDARY TEST OMITTED:    NO
0SIGMA HAS SIMPLE DIAGONAL FORM WITH DIMENSION:   2
0DEFAULT SIGMA BOUNDARY TEST OMITTED:    NO
0INITIAL ESTIMATE OF THETA:
 LOWER BOUND    INITIAL EST    UPPER BOUND
  0.2890E+02     0.2890E+02     0.2890E+02
  0.1950E+02     0.1950E+02     0.1950E+02
  0.2850E+02     0.2850E+02     0.2850E+02
  0.2090E+02     0.2090E+02     0.2090E+02
  0.1310E+01     0.1310E+01     0.1310E+01
  0.1930E+00     0.1930E+00     0.1930E+00
 -0.1300E+00    -0.1300E+00    -0.1300E+00
  0.2160E+00     0.2160E+00     0.2160E+00
  0.6930E+00     0.6930E+00     0.6930E+00
  0.5650E+01     0.5650E+01     0.5650E+01
  0.7400E+01     0.7400E+01     0.7400E+01
  0.9580E+02     0.9580E+02     0.9580E+02
  0.1820E+00     0.1820E+00     0.1820E+00
  0.3640E-01     0.3640E-01     0.3640E-01
  0.7000E+01     0.7000E+01     0.7000E+01
  0.1100E+03     0.1100E+03     0.1100E+03
  0.3500E-01     0.3500E-01     0.3500E-01
  0.1470E+02     0.1470E+02     0.1470E+02
  0.1530E+00     0.1530E+00     0.1530E+00
  0.2250E+00     0.2250E+00     0.2250E+00
  0.4050E+00     0.4050E+00     0.4050E+00
  0.6290E-01     0.6290E-01     0.6290E-01
  0.2080E+00     0.2080E+00     0.2080E+00
  0.6530E+00     0.6530E+00     0.6530E+00
 -0.7770E+00    -0.7770E+00    -0.7770E+00
  0.5840E+00     0.5840E+00     0.5840E+00
  0.4110E+00     0.4110E+00     0.4110E+00
0INITIAL ESTIMATE OF OMEGA:
 0.7920E-01
 0.0000E+00   0.7400E-01
 0.0000E+00   0.0000E+00   0.2970E+00
 0.0000E+00   0.0000E+00   0.0000E+00   0.1010E+00
 0.0000E+00   0.0000E+00   0.0000E+00   0.0000E+00   0.6080E-01
 0.0000E+00   0.0000E+00   0.0000E+00   0.0000E+00   0.0000E+00   0.6740E-02
 0.0000E+00   0.0000E+00   0.0000E+00   0.0000E+00   0.0000E+00   0.0000E+00   0.1590E+00
 0.0000E+00   0.0000E+00   0.0000E+00   0.0000E+00   0.0000E+00   0.0000E+00   0.0000E+00   0.0000E+00
0OMEGA CONSTRAINED TO BE THIS INITIAL ESTIMATE
0INITIAL ESTIMATE OF SIGMA:
 0.5840E-01
 0.0000E+00   0.1000E+01
0SIGMA CONSTRAINED TO BE THIS INITIAL ESTIMATE
0SIMULATION STEP OMITTED:    NO
 OBJ FUNC EVALUATED:         NO
0SIMULATION RANDOM METHOD SELECTED (RANMETHOD): DEFAULT
 SOURCE   1:
   SEED1:        632541   SEED2:             0   PSEUDO-NORMAL
 NUMBER OF SUBPROBLEMS:    1
0TABLES STEP OMITTED:    NO
 NO. OF TABLES:           1
 SEED NUMBER (SEED):    11456
 RANMETHOD:
 MC SAMPLES (ESEED):    300
 WRES SQUARE ROOT TYPE:            EIGENVALUE
0-- TABLE   1 --
 PRINTED:                NO
 HEADER:                YES
 FILE TO BE FORWARDED:   NO
 FORMAT:                S1PE11.4
 LFORMAT:
 RFORMAT:
0USER-CHOSEN ITEMS:
 ID TIME AMT MDV DVID CMT Y IPRED G4ND G4N_EXIT WT CRCL FFM HCT GCSF SLC7A5 BUN ANCBASE SEX WBC LNP53FOLD TVSLOPE
1DOUBLE PRECISION PREDPP VERSION 7.3.0

 GENERAL NONLINEAR KINETICS MODEL (ADVAN6)
0MODEL SUBROUTINE USER-SUPPLIED - ID NO. 9999
0MAXIMUM NO. OF BASIC PK PARAMETERS:  11
0COMPARTMENT ATTRIBUTES
 COMPT. NO.   FUNCTION   INITIAL    ON/OFF      DOSE      DEFAULT    DEFAULT
                         STATUS     ALLOWED    ALLOWED    FOR DOSE   FOR OBS.
    1         PKCENTR      ON         YES        YES        YES        NO
    2         PKPERI       ON         YES        YES        NO         NO
    3         STEM         ON         YES        YES        NO         NO
    4         ANC          ON         YES        YES        NO         YES
    5         TRANSIT1     ON         YES        YES        NO         NO
    6         TRANSIT2     ON         YES        YES        NO         NO
    7         TRANSIT3     ON         YES        YES        NO         NO
    8         INPUT        ON         YES        YES        NO         NO
    9         G4NDUR       ON         YES        YES        NO         NO
   10         OUTPUT       OFF        YES        NO         NO         NO
0NRD VALUE FROM SUBROUTINE TOL:   5
1
 ADDITIONAL PK PARAMETERS - ASSIGNMENT OF ROWS IN GG
 COMPT. NO.                             INDICES
              SCALE      BIOAVAIL.   ZERO-ORDER  ZERO-ORDER  ABSORB
                         FRACTION    RATE        DURATION    LAG
    1           12           *           *           *           *
    2            *           *           *           *           *
    3            *           *           *           *           *
    4            *           *           *           *           *
    5            *           *           *           *           *
    6            *           *           *           *           *
    7            *           *           *           *           *
    8            *           *           *           *           *
    9            *           *           *           *           *
   10            *           -           -           -           -
             - PARAMETER IS NOT ALLOWED FOR THIS MODEL
             * PARAMETER IS NOT SUPPLIED BY PK SUBROUTINE;
               WILL DEFAULT TO ONE IF APPLICABLE
0DATA ITEM INDICES USED BY PRED ARE:
   EVENT ID DATA ITEM IS DATA ITEM NO.:     21
   TIME DATA ITEM IS DATA ITEM NO.:          2
   DOSE AMOUNT DATA ITEM IS DATA ITEM NO.:   5
   DOSE RATE DATA ITEM IS DATA ITEM NO.:     6
   COMPT. NO. DATA ITEM IS DATA ITEM NO.:    9

0PK SUBROUTINE CALLED WITH EVERY EVENT RECORD.
 PK SUBROUTINE NOT CALLED AT NONEVENT (ADDITIONAL OR LAGGED) DOSE TIMES.
0PK SUBROUTINE INDICATES THAT COMPARTMENT AMOUNTS ARE INITIALIZED.
0ERROR SUBROUTINE CALLED WITH EVERY EVENT RECORD.
0DES SUBROUTINE USES COMPACT STORAGE MODE.
1
 PROBLEM NO.:         1     SUBPROBLEM NO.:      1

 SIMULATION STEP PERFORMED
 SOURCE  1:
    SEED1:    2144410211   SEED2:             0
 ESTIMATION STEP OMITTED:                 YES 
 #CPUT: Total CPU Time in Seconds,        0.172
Stop Time: 
Mon 08/02/2016 
04:44 PM
start 08/02/2016
end   08/02/2016
exe  nmtcl
user 0:7.29
real 0:7.29
sys  0:0
start 08/02/2016
end   08/02/2016
exe  nonmem
user 0:0.25
real 0:0.25
sys  0:0
